Build started 12/19/2023 1:07:45 AM.
     1>Project "G:\academics\CSE\gittywitty\Amogacha\Amogus Gacha\Amogus Gacha\Amogus Gacha.vcxproj" on node 2 (Build target(s)).
     1>ClCompile:
         E:\New folder\VC\bin\x86_amd64\CL.exe /c /Zi /nologo /W3 /WX- /sdl /Od /D _MBCS /Gm /EHsc /RTC1 /MDd /GS /fp:precise /Zc:wchar_t /Zc:forScope /Fo"x64\Debug\\" /Fd"x64\Debug\vc120.pdb" /Gd /TP /errorReport:prompt iMain.cpp
         iMain.cpp
     1>C:\Program Files (x86)\Windows Kits\8.1\Include\shared\minwindef.h(127): warning C4005: 'CALLBACK' : macro redefinition
                 g:\academics\cse\gittywitty\amogacha\amogus gacha\amogus gacha\glut.h(35) : see previous definition of 'CALLBACK'
     1>g:\academics\cse\gittywitty\amogacha\amogus gacha\amogus gacha\iGraphics.h(58): error C2664: 'UINT_PTR SetTimer(HWND,UINT_PTR,UINT,TIMERPROC)' : cannot convert argument 4 from 'void (__cdecl *)(HWND,unsigned int,unsigned int,unsigned long)' to 'TIMERPROC'
                 None of the functions with this name in scope match the target type
     1>g:\academics\cse\gittywitty\amogacha\amogus gacha\amogus gacha\iGraphics.h(59): error C2664: 'UINT_PTR SetTimer(HWND,UINT_PTR,UINT,TIMERPROC)' : cannot convert argument 4 from 'void (__cdecl *)(HWND,unsigned int,unsigned int,unsigned long)' to 'TIMERPROC'
                 None of the functions with this name in scope match the target type
     1>g:\academics\cse\gittywitty\amogacha\amogus gacha\amogus gacha\iGraphics.h(60): error C2664: 'UINT_PTR SetTimer(HWND,UINT_PTR,UINT,TIMERPROC)' : cannot convert argument 4 from 'void (__cdecl *)(HWND,unsigned int,unsigned int,unsigned long)' to 'TIMERPROC'
                 None of the functions with this name in scope match the target type
     1>g:\academics\cse\gittywitty\amogacha\amogus gacha\amogus gacha\iGraphics.h(61): error C2664: 'UINT_PTR SetTimer(HWND,UINT_PTR,UINT,TIMERPROC)' : cannot convert argument 4 from 'void (__cdecl *)(HWND,unsigned int,unsigned int,unsigned long)' to 'TIMERPROC'
                 None of the functions with this name in scope match the target type
     1>g:\academics\cse\gittywitty\amogacha\amogus gacha\amogus gacha\iGraphics.h(62): error C2664: 'UINT_PTR SetTimer(HWND,UINT_PTR,UINT,TIMERPROC)' : cannot convert argument 4 from 'void (__cdecl *)(HWND,unsigned int,unsigned int,unsigned long)' to 'TIMERPROC'
                 None of the functions with this name in scope match the target type
     1>g:\academics\cse\gittywitty\amogacha\amogus gacha\amogus gacha\iGraphics.h(64): error C2664: 'UINT_PTR SetTimer(HWND,UINT_PTR,UINT,TIMERPROC)' : cannot convert argument 4 from 'void (__cdecl *)(HWND,unsigned int,unsigned int,unsigned long)' to 'TIMERPROC'
                 None of the functions with this name in scope match the target type
     1>g:\academics\cse\gittywitty\amogacha\amogus gacha\amogus gacha\iGraphics.h(65): error C2664: 'UINT_PTR SetTimer(HWND,UINT_PTR,UINT,TIMERPROC)' : cannot convert argument 4 from 'void (__cdecl *)(HWND,unsigned int,unsigned int,unsigned long)' to 'TIMERPROC'
                 None of the functions with this name in scope match the target type
     1>g:\academics\cse\gittywitty\amogacha\amogus gacha\amogus gacha\iGraphics.h(66): error C2664: 'UINT_PTR SetTimer(HWND,UINT_PTR,UINT,TIMERPROC)' : cannot convert argument 4 from 'void (__cdecl *)(HWND,unsigned int,unsigned int,unsigned long)' to 'TIMERPROC'
                 None of the functions with this name in scope match the target type
     1>g:\academics\cse\gittywitty\amogacha\amogus gacha\amogus gacha\iGraphics.h(67): error C2664: 'UINT_PTR SetTimer(HWND,UINT_PTR,UINT,TIMERPROC)' : cannot convert argument 4 from 'void (__cdecl *)(HWND,unsigned int,unsigned int,unsigned long)' to 'TIMERPROC'
                 None of the functions with this name in scope match the target type
     1>g:\academics\cse\gittywitty\amogacha\amogus gacha\amogus gacha\iGraphics.h(68): error C2664: 'UINT_PTR SetTimer(HWND,UINT_PTR,UINT,TIMERPROC)' : cannot convert argument 4 from 'void (__cdecl *)(HWND,unsigned int,unsigned int,unsigned long)' to 'TIMERPROC'
                 None of the functions with this name in scope match the target type
     1>Done Building Project "G:\academics\CSE\gittywitty\Amogacha\Amogus Gacha\Amogus Gacha\Amogus Gacha.vcxproj" (Build target(s)) -- FAILED.

Build FAILED.

Time Elapsed 00:00:03.25
